<queries>

	<aQuery>
		<region name="USA"/>
		<region name="Canada"/>		
		<region name="Africa_Eastern"/>		
		<region name="Africa_Northern"/>		
		<region name="Africa_Southern"/>
		<region name="Africa_Western"/>
		<region name="Japan"/>
		<region name="South Korea"/>
		<region name="China"/>
		<region name="India"/>
		<region name="Brazil"/>
		<region name="Central America and Caribbean"/>
		<region name="Central Asia"/>
		<region name="EU-12"/>	
		<region name="EU-15"/>
		<region name="Europe_Eastern"/>
		<region name="Europe_Non_EU"/>
		<region name="European Free Trade Association"/>
		<region name="Indonesia"/>
		<region name="Mexico"/>
		<region name="Middle East"/>
		<region name="Pakistan"/>
		<region name="Russia"/>
		<region name="South Africa"/>
		<region name="South America_Northern"/>
		<region name="South America_Southern"/>
		<region name="South Asia"/>
		<region name="Southeast Asia"/>
		<region name="Taiwan"/>
		<region name="Argentina"/>
		<region name="Colombia"/>
		<region name="Australia_NZ"/>
		<demographicsQuery title="population">
			<axis1 name="Region">region</axis1>
			<axis2 name="Year">populationMiniCAM</axis2>
			<xPath buildList="true" dataName="total-population" group="false" sumAll="false">demographics/populationMiniCAM/total-population/node()</xPath>
			<labelRewriteList>
				<level name="region">
				</level>
			</labelRewriteList>
		</demographicsQuery>
	</aQuery>
		
	<aQuery>
		<region name="USA"/>
		<region name="Canada"/>		
		<region name="Africa_Eastern"/>		
		<region name="Africa_Northern"/>		
		<region name="Africa_Southern"/>
		<region name="Africa_Western"/>
		<region name="Japan"/>
		<region name="South Korea"/>
		<region name="China"/>
		<region name="India"/>
		<region name="Brazil"/>
		<region name="Central America and Caribbean"/>
		<region name="Central Asia"/>
		<region name="EU-12"/>	
		<region name="EU-15"/>
		<region name="Europe_Eastern"/>
		<region name="Europe_Non_EU"/>
		<region name="European Free Trade Association"/>
		<region name="Indonesia"/>
		<region name="Mexico"/>
		<region name="Middle East"/>
		<region name="Pakistan"/>
		<region name="Russia"/>
		<region name="South Africa"/>
		<region name="South America_Northern"/>
		<region name="South America_Southern"/>
		<region name="South Asia"/>
		<region name="Southeast Asia"/>
		<region name="Taiwan"/>
		<region name="Argentina"/>
		<region name="Colombia"/>
		<region name="Australia_NZ"/>

		<gdpQueryBuilder title="gdp_mer">
			<axis1 name="Region">region</axis1>
			<axis2 name="Year">gdp-mer</axis2>
			<xPath buildList="true" dataName="gdp-mer" group="false" sumAll="false">GDP/gdp-mer/text()</xPath>
			<labelRewriteList>
				<level name="region">
				</level>
			</labelRewriteList>
		</gdpQueryBuilder>
	</aQuery>
	
	<aQuery>
		<region name="USA"/>
		<region name="Canada"/>		
		<region name="Africa_Eastern"/>		
		<region name="Africa_Northern"/>		
		<region name="Africa_Southern"/>
		<region name="Africa_Western"/>
		<region name="Japan"/>
		<region name="South Korea"/>
		<region name="China"/>
		<region name="India"/>
		<region name="Brazil"/>
		<region name="Central America and Caribbean"/>
		<region name="Central Asia"/>
		<region name="EU-12"/>	
		<region name="EU-15"/>
		<region name="Europe_Eastern"/>
		<region name="Europe_Non_EU"/>
		<region name="European Free Trade Association"/>
		<region name="Indonesia"/>
		<region name="Mexico"/>
		<region name="Middle East"/>
		<region name="Pakistan"/>
		<region name="Russia"/>
		<region name="South Africa"/>
		<region name="South America_Northern"/>
		<region name="South America_Southern"/>
		<region name="South Asia"/>
		<region name="Southeast Asia"/>
		<region name="Taiwan"/>
		<region name="Argentina"/>
		<region name="Colombia"/>
		<region name="Australia_NZ"/>

		<supplyDemandQuery title="electricity">
			<axis1 name="technology">technology</axis1>
			<axis2 name="Year">physical-output[@vintage]</axis2>
			<xPath buildList="true" dataName="output" group="false" sumAll="false">*[@type = 'sector' (: collapse :) and (@name='electricity' or @name='backup_electricity' or @name='base load generation' or @name='intermediate generation' or @name='subpeak generation' or @name='peak generation' or @name='elect_td_bld')]//*[@type='output' (:collapse:)]/physical-output/node()</xPath>
			<labelRewriteList append-values="true">
				<level name="output">
					<rewrite from="backup_electricity" to="electricity"/>
					<rewrite from="electricity" to="electricity"/>
				</level>
				<level name="region">
				</level>
				<level name="technology">
					<rewrite from="biomass (IGCC)" to="Biomass|w/o CCS"/>
					<rewrite from="biomass (conv)" to="Biomass|w/o CCS"/>
					<rewrite from="biomass (IGCC CCS)" to="Biomass|w/ CCS"/>
					<rewrite from="coal (IGCC)" to="Coal|w/o CCS"/>
					<rewrite from="coal (conv pul)" to="Coal|w/o CCS"/>
					<rewrite from="coal (IGCC CCS)" to="Coal|w/ CCS"/>
					<rewrite from="gas (CC)" to="Gas|w/o CCS"/>
					<rewrite from="gas (CC CCS)" to="Gas|w/ CCS"/>
					<rewrite from="gas (steam/CT)" to="Gas|w/o CCS"/>
					<rewrite from="Gen_III" to="Nuclear"/>
					<rewrite from="Gen_II_LWR" to="Nuclear"/>
					<rewrite from="refined liquids (IGCC)" to="Oil|w/o CCS"/>
					<rewrite from="refined liquids (IGCC CCS)" to="Oil|w/ CCS"/>
					<rewrite from="refined liquids (steam/CT)" to="Oil|w/o CCS"/>
					<rewrite from="PV" to="Solar|PV"/>
					<rewrite from="PV_storage" to="Solar|PV"/>
					<rewrite from="CSP" to="Solar|CSP"/>
					<rewrite from="CSP_storage" to="Solar|CSP"/>
					<rewrite from="wind" to="Wind"/>
					<rewrite from="wind_storage" to="Wind"/>
					<rewrite from="Generic wind storage" to="Wind"/>
					<rewrite from="hydro" to="Hydro"/>
					<rewrite from="geothermal" to="Geothermal"/>
					<rewrite from="battery"  to="Battery"/>
					<rewrite from="bio_base_conv"  to="Biomass|w/o CCS"/>
					<rewrite from="bio_base_exist"  to="Biomass|w/o CCS"/>
					<rewrite from="bio_base_IGCC"  to="Biomass|w/o CCS"/>
					<rewrite from="bio_base_IGCC_CCS"  to="Biomass|w/ CCS"/>
					<rewrite from="bio_int_conv"  to="Biomass|w/o CCS"/>
					<rewrite from="bio_int_exist"  to="Biomass|w/o CCS"/>
					<rewrite from="bio_int_IGCC"  to="Biomass|w/o CCS"/>
					<rewrite from="bio_int_IGCC_CCS"  to="Biomass|w/o CCS"/>
					<rewrite from="coal_base_conv"  to="Coal|w/o CCS"/>
					<rewrite from="coal_base_exist"  to="Coal|w/o CCS"/>
					<rewrite from="coal_base_IGCC"  to="Coal|w/o CCS"/>
					<rewrite from="coal_base_IGCC_CCS"  to="Coal|w/ CCS"/>
					<rewrite from="coal_int_conv"  to="Coal|w/o CCS"/>
					<rewrite from="coal_int_exist"  to="Coal|w/o CCS"/>
					<rewrite from="coal_int_IGCC"  to="Coal|w/o CCS"/>
					<rewrite from="coal_int_IGCC_CCS"  to="Coal|w/ CCS"/>
					<rewrite from="csp_base_storage"  to="Solar|CSP"/>
					<rewrite from="csp_int"  to="Solar|CSP"/>
					<rewrite from="csp_subpeak"  to="Solar|CSP"/>
					<rewrite from="gas_base_CC"  to="Gas|w/o CCS"/>
					<rewrite from="gas_base_CC_CCS"  to="Gas|w/ CCS"/>
					<rewrite from="gas_base_exist"  to="Gas|w/o CCS"/>
					<rewrite from="gas_int_CC"  to="Gas|w/o CCS"/>
					<rewrite from="gas_int_CC_CCS"  to="Gas|w/ CCS"/>
					<rewrite from="gas_int_exist"  to="Gas|w/o CCS"/>
					<rewrite from="gas_peak_CC"  to="Gas|w/o CCS"/>
					<rewrite from="gas_peak_CC_CCS"  to="Gas|w/ CCS"/>
					<rewrite from="gas_peak_exist"  to="Gas|w/o CCS"/>
					<rewrite from="gas_peak_turbine"  to="Gas|w/o CCS"/>
					<rewrite from="gas_subpeak_CC"  to="Gas|w/o CCS"/>
					<rewrite from="gas_subpeak_CC_CCS"  to="Gas|w/ CCS"/>
					<rewrite from="gas_subpeak_exist"  to="Gas|w/o CCS"/>
					<rewrite from="geo_base"  to="Geothermal"/>
					<rewrite from="nuc_base_gen2"  to="Nuclear"/>
					<rewrite from="nuc_base_gen3"  to="Nuclear"/>
					<rewrite from="oil_peak_exist"  to="Oil|w/o CCS"/>
					<rewrite from="oil_peak_IGCC"  to="Oil|w/o CCS"/>
					<rewrite from="oil_peak_IGCC_CCS"  to="Oil|w/ CCS"/>
					<rewrite from="oil_peak_turbine"  to="Oil|w/o CCS"/>
					<rewrite from="oil_subpeak_exist"  to="Oil|w/o CCS"/>
					<rewrite from="oil_subpeak_IGCC"  to="Oil|w/o CCS"/>
					<rewrite from="oil_subpeak_IGCC_CCS"  to="Oil|w/ CCS"/>
					<rewrite from="pv_base_storage"  to="Solar|PV"/>
					<rewrite from="pv_subpeak"  to="Solar|PV"/>
					<rewrite from="rooftop_pv"  to="Solar|PV"/>
					<rewrite from="wind_base"  to="Wind"/>
					<rewrite from="wind_base_storage"  to="Wind"/>
					<rewrite from="hydro_base"  to="Hydro"/>	
					<rewrite from="elect_td_bld"  to=""/>
					<rewrite from="electricity"  to=""/>
				</level>
			</labelRewriteList>		
		</supplyDemandQuery>
		
	</aQuery>
</queries>